Determining if the pthread_create exist failed with the following output:
Change Dir: /home/suzukamayo/ros_ws/lidar/whill_ws/build/CMakeFiles/CMakeTmp

Run Build Command:"/usr/bin/make" "cmTC_02711/fast"
/usr/bin/make -f CMakeFiles/cmTC_02711.dir/build.make CMakeFiles/cmTC_02711.dir/build
make[1]: ディレクトリ '/home/suzukamayo/ros_ws/lidar/whill_ws/build/CMakeFiles/CMakeTmp' に入ります
Building C object CMakeFiles/cmTC_02711.dir/CheckSymbolExists.c.o
/usr/bin/cc    -o CMakeFiles/cmTC_02711.dir/CheckSymbolExists.c.o   -c /home/suzukamayo/ros_ws/lidar/whill_ws/build/CMakeFiles/CMakeTmp/CheckSymbolExists.c
Linking C executable cmTC_02711
/usr/bin/cmake -E cmake_link_script CMakeFiles/cmTC_02711.dir/link.txt --verbose=1
/usr/bin/cc      -rdynamic CMakeFiles/cmTC_02711.dir/CheckSymbolExists.c.o  -o cmTC_02711 
CMakeFiles/cmTC_02711.dir/CheckSymbolExists.c.o: 関数 `main' 内:
CheckSymbolExists.c:(.text+0x1b): `pthread_create' に対する定義されていない参照です
collect2: error: ld returned 1 exit status
CMakeFiles/cmTC_02711.dir/build.make:97: recipe for target 'cmTC_02711' failed
make[1]: *** [cmTC_02711] Error 1
make[1]: ディレクトリ '/home/suzukamayo/ros_ws/lidar/whill_ws/build/CMakeFiles/CMakeTmp' から出ます
Makefile:126: recipe for target 'cmTC_02711/fast' failed
make: *** [cmTC_02711/fast] Error 2

File /home/suzukamayo/ros_ws/lidar/whill_ws/build/CMakeFiles/CMakeTmp/CheckSymbolExists.c:
/* */
#include <pthread.h>

int main(int argc, char** argv)
{
  (void)argv;
#ifndef pthread_create
  return ((int*)(&pthread_create))[argc];
#else
  (void)argc;
  return 0;
#endif
}

Determining if the function pthread_create exists in the pthreads failed with the following output:
Change Dir: /home/suzukamayo/ros_ws/lidar/whill_ws/build/CMakeFiles/CMakeTmp

Run Build Command:"/usr/bin/make" "cmTC_ffccc/fast"
/usr/bin/make -f CMakeFiles/cmTC_ffccc.dir/build.make CMakeFiles/cmTC_ffccc.dir/build
make[1]: ディレクトリ '/home/suzukamayo/ros_ws/lidar/whill_ws/build/CMakeFiles/CMakeTmp' に入ります
Building C object CMakeFiles/cmTC_ffccc.dir/CheckFunctionExists.c.o
/usr/bin/cc   -DCHECK_FUNCTION_EXISTS=pthread_create   -o CMakeFiles/cmTC_ffccc.dir/CheckFunctionExists.c.o   -c /usr/share/cmake-3.10/Modules/CheckFunctionExists.c
Linking C executable cmTC_ffccc
/usr/bin/cmake -E cmake_link_script CMakeFiles/cmTC_ffccc.dir/link.txt --verbose=1
/usr/bin/cc  -DCHECK_FUNCTION_EXISTS=pthread_create    -rdynamic CMakeFiles/cmTC_ffccc.dir/CheckFunctionExists.c.o  -o cmTC_ffccc -lpthreads 
/usr/bin/ld: -lpthreads が見つかりません
collect2: error: ld returned 1 exit status
CMakeFiles/cmTC_ffccc.dir/build.make:97: recipe for target 'cmTC_ffccc' failed
make[1]: *** [cmTC_ffccc] Error 1
make[1]: ディレクトリ '/home/suzukamayo/ros_ws/lidar/whill_ws/build/CMakeFiles/CMakeTmp' から出ます
Makefile:126: recipe for target 'cmTC_ffccc/fast' failed
make: *** [cmTC_ffccc/fast] Error 2


